12:40:18 svg2mod 1301: Font "mplus-1mn-medium" does not natively support style "Regular" using "Path" instead
12:40:19 svg2mod-unfiltered 262: Found SVG layer: F.SilkS
12:40:19 svg2mod 263:   Detailed names: [F.SilkS]
12:40:19 svg2mod 304:   Inlining 2 segments...
12:40:19 svg2mod 339:   Writing Text with 88 points
12:40:19 svg2mod 1301: Font "mplus-1mn-medium" does not natively support style "Regular" using "Path" instead
12:40:19 svg2mod-unfiltered 262: Found SVG layer: F.SilkS
12:40:19 svg2mod 263:   Detailed names: [F.SilkS]
12:40:19 svg2mod 304:   Inlining 3 segments...
12:40:19 svg2mod 339:   Writing Text with 117 points
12:40:19 svg2mod 339:   Writing Text with 12 points
12:40:20 svg2mod 1301: Font "mplus-1mn-medium" does not natively support style "Regular" using "Path" instead
12:40:20 svg2mod-unfiltered 262: Found SVG layer: F.SilkS
12:40:20 svg2mod 263:   Detailed names: [F.SilkS]
12:40:20 svg2mod 304:   Inlining 2 segments...
12:40:20 svg2mod 339:   Writing Text with 88 points
12:40:20 svg2mod 1301: Font "mplus-1mn-medium" does not natively support style "Regular" using "Path" instead
12:40:20 svg2mod-unfiltered 262: Found SVG layer: F.SilkS
12:40:20 svg2mod 263:   Detailed names: [F.SilkS]
12:40:20 svg2mod 304:   Inlining 4 segments...
12:40:20 svg2mod 339:   Writing Text with 132 points
12:40:20 svg2mod 339:   Writing Text with 12 points
12:40:21 svg2mod 1301: Font "mplus-1mn-medium" does not natively support style "Regular" using "Path" instead
12:40:21 svg2mod-unfiltered 262: Found SVG layer: F.SilkS
12:40:21 svg2mod 263:   Detailed names: [F.SilkS]
12:40:21 svg2mod 304:   Inlining 5 segments...
12:40:21 svg2mod 339:   Writing Text with 140 points
12:40:21 svg2mod 339:   Writing Text with 12 points
12:40:21 svg2mod 1301: Font "mplus-1mn-medium" does not natively support style "Regular" using "Path" instead
12:40:21 svg2mod-unfiltered 262: Found SVG layer: F.SilkS
12:40:21 svg2mod 263:   Detailed names: [F.SilkS]
12:40:21 svg2mod 304:   Inlining 7 segments...
12:40:21 svg2mod 339:   Writing Text with 178 points
12:40:21 svg2mod 339:   Writing Text with 14 points
12:40:21 svg2mod 339:   Writing Text with 12 points
12:40:24 svg2mod 1301: Font "UbuntuMono-B" does not natively support style "Regular" using "Path" instead
12:40:24 svg2mod-unfiltered 262: Found SVG layer: F.SilkS
12:40:24 svg2mod 263:   Detailed names: [F.SilkS]
12:40:24 svg2mod 304:   Inlining 7 segments...
12:40:24 svg2mod 339:   Writing Text with 186 points
12:40:24 svg2mod 339:   Writing Text with 15 points
12:40:24 svg2mod 339:   Writing Text with 12 points
12:40:25 svg2mod 1301: Font "FredokaOne" does not natively support style "Regular" using "Path" instead
12:40:25 svg2mod-unfiltered 262: Found SVG layer: F.SilkS
12:40:25 svg2mod 263:   Detailed names: [F.SilkS]
12:40:25 svg2mod 304:   Inlining 7 segments...
12:40:25 svg2mod 339:   Writing Text with 291 points
12:40:25 svg2mod 339:   Writing Text with 12 points
12:40:25 svg2mod 339:   Writing Text with 8 points
12:40:26 svg2mod 1301: Font "BerkeleyMono-Bold" does not natively support style "Regular" using "Path" instead
12:40:26 svg2mod-unfiltered 262: Found SVG layer: F.SilkS
12:40:26 svg2mod 263:   Detailed names: [F.SilkS]
12:40:26 svg2mod 304:   Inlining 7 segments...
12:40:26 svg2mod 339:   Writing Text with 193 points
12:40:26 svg2mod 339:   Writing Text with 17 points
12:40:26 svg2mod 339:   Writing Text with 10 points
12:40:28 svg2mod 1301: Font "FredokaOne" does not natively support style "Regular" using "Path" instead
12:40:28 svg2mod-unfiltered 262: Found SVG layer: F.SilkS
12:40:28 svg2mod 263:   Detailed names: [F.SilkS]
12:40:28 svg2mod 304:   Inlining 7 segments...
12:40:28 svg2mod 339:   Writing Text with 291 points
12:40:28 svg2mod 339:   Writing Text with 12 points
12:40:28 svg2mod 339:   Writing Text with 8 points
12:40:32 svg2mod 1301: Font "FredokaOne" does not natively support style "Regular" using "Path" instead
12:40:32 svg2mod-unfiltered 262: Found SVG layer: F.SilkS
12:40:32 svg2mod 263:   Detailed names: [F.SilkS]
12:40:32 svg2mod 304:   Inlining 7 segments...
12:40:32 svg2mod 339:   Writing Text with 324 points
12:40:32 svg2mod 339:   Writing Text with 12 points
12:40:32 svg2mod 339:   Writing Text with 8 points
12:40:37 svg2mod 1301: Font "FredokaOne" does not natively support style "Regular" using "Path" instead
12:40:37 svg2mod-unfiltered 262: Found SVG layer: F.SilkS
12:40:37 svg2mod 263:   Detailed names: [F.SilkS]
12:40:37 svg2mod 304:   Inlining 7 segments...
12:40:37 svg2mod 339:   Writing Text with 292 points
12:40:37 svg2mod 339:   Writing Text with 12 points
12:40:37 svg2mod 339:   Writing Text with 8 points
12:40:39 svg2mod 1301: Font "FredokaOne" does not natively support style "Regular" using "Path" instead
12:40:39 svg2mod-unfiltered 262: Found SVG layer: F.SilkS
12:40:39 svg2mod 263:   Detailed names: [F.SilkS]
12:40:39 svg2mod 304:   Inlining 7 segments...
12:40:39 svg2mod 339:   Writing Text with 291 points
12:40:39 svg2mod 339:   Writing Text with 12 points
12:40:39 svg2mod 339:   Writing Text with 8 points
12:40:40 svg2mod 1301: Font "FredokaOne" does not natively support style "Regular" using "Path" instead
12:40:40 svg2mod-unfiltered 262: Found SVG layer: F.SilkS
12:40:40 svg2mod 263:   Detailed names: [F.SilkS]
12:40:40 svg2mod 304:   Inlining 7 segments...
12:40:40 svg2mod 339:   Writing Text with 292 points
12:40:40 svg2mod 339:   Writing Text with 12 points
12:40:40 svg2mod 339:   Writing Text with 8 points
12:40:43 svg2mod 1301: Font "FredokaOne" does not natively support style "Regular" using "Path" instead
12:40:43 svg2mod-unfiltered 262: Found SVG layer: F.SilkS
12:40:43 svg2mod 263:   Detailed names: [F.SilkS]
12:40:43 svg2mod 304:   Inlining 7 segments...
12:40:43 svg2mod 339:   Writing Text with 292 points
12:40:43 svg2mod 339:   Writing Text with 12 points
12:40:43 svg2mod 339:   Writing Text with 8 points
12:40:45 svg2mod 1301: Font "FredokaOne" does not natively support style "Regular" using "Path" instead
12:40:45 svg2mod-unfiltered 262: Found SVG layer: F.SilkS
12:40:45 svg2mod 263:   Detailed names: [F.SilkS]
12:40:45 svg2mod 304:   Inlining 7 segments...
12:40:45 svg2mod 339:   Writing Text with 324 points
12:40:45 svg2mod 339:   Writing Text with 12 points
12:40:45 svg2mod 339:   Writing Text with 8 points
12:40:46 svg2mod 1301: Font "FredokaOne" does not natively support style "Regular" using "Path" instead
12:40:46 svg2mod-unfiltered 262: Found SVG layer: F.SilkS
12:40:46 svg2mod 263:   Detailed names: [F.SilkS]
12:40:46 svg2mod 304:   Inlining 7 segments...
12:40:46 svg2mod 339:   Writing Text with 355 points
12:40:46 svg2mod 339:   Writing Text with 12 points
12:40:46 svg2mod 339:   Writing Text with 8 points
12:40:47 com_github_gregdavill_KiBuzzard.plugin 57: Running KiBuzzard
12:40:47 svg2mod-unfiltered 262: Found SVG layer: F.SilkS
12:40:47 svg2mod 263:   Detailed names: [F.SilkS]
12:40:47 svg2mod 304:   Inlining 7 segments...
12:40:47 svg2mod 339:   Writing Text with 354 points
12:40:47 svg2mod 339:   Writing Text with 12 points
12:40:47 svg2mod 339:   Writing Text with 8 points
12:40:47 com_github_gregdavill_KiBuzzard.plugin 71: Loading label onto clipboard
12:40:47 com_github_gregdavill_KiBuzzard.plugin 128: Using wx.KeyEvent for paste
12:40:47 com_github_gregdavill_KiBuzzard.plugin 132:  Injecting event: <wx._core.KeyEvent object at 0x0000018055902E50> into window: <wx._core.Window object at 0x0000018001DB9B80>
12:42:22 svg2mod 1301: Font "FredokaOne" does not natively support style "Regular" using "Path" instead
12:42:22 svg2mod-unfiltered 262: Found SVG layer: F.SilkS
12:42:22 svg2mod 263:   Detailed names: [F.SilkS]
12:42:22 svg2mod 304:   Inlining 7 segments...
12:42:22 svg2mod 339:   Writing Text with 355 points
12:42:22 svg2mod 339:   Writing Text with 12 points
12:42:22 svg2mod 339:   Writing Text with 8 points
12:42:24 svg2mod 1301: Font "FredokaOne" does not natively support style "Regular" using "Path" instead
12:42:24 svg2mod-unfiltered 262: Found SVG layer: F.SilkS
12:42:24 svg2mod 263:   Detailed names: [F.SilkS]
12:42:24 svg2mod 304:   Inlining 7 segments...
12:42:24 svg2mod 339:   Writing Text with 355 points
12:42:24 svg2mod 339:   Writing Text with 12 points
12:42:24 svg2mod 339:   Writing Text with 8 points
12:42:25 svg2mod 1301: Font "FredokaOne" does not natively support style "Regular" using "Path" instead
12:42:25 svg2mod-unfiltered 262: Found SVG layer: F.SilkS
12:42:25 svg2mod 263:   Detailed names: [F.SilkS]
12:42:25 svg2mod 304:   Inlining 7 segments...
12:42:25 svg2mod 339:   Writing Text with 355 points
12:42:25 svg2mod 339:   Writing Text with 12 points
12:42:25 svg2mod 339:   Writing Text with 8 points
12:42:25 com_github_gregdavill_KiBuzzard.plugin 57: Running KiBuzzard
12:42:25 svg2mod-unfiltered 262: Found SVG layer: F.SilkS
12:42:25 svg2mod 263:   Detailed names: [F.SilkS]
12:42:25 svg2mod 304:   Inlining 7 segments...
12:42:25 svg2mod 339:   Writing Text with 355 points
12:42:25 svg2mod 339:   Writing Text with 12 points
12:42:25 svg2mod 339:   Writing Text with 8 points
12:42:25 com_github_gregdavill_KiBuzzard.plugin 81: Updating selected footprint <pcbnew.FOOTPRINT; proxy of <Swig Object of type 'FOOTPRINT *' at 0x0000018005C44930> >
12:42:25 com_github_gregdavill_KiBuzzard.plugin 89:  pos: (186055000, 33020000)
12:42:25 com_github_gregdavill_KiBuzzard.plugin 90:  orient: 180.0
12:42:25 com_github_gregdavill_KiBuzzard.plugin 91:  need_flip: True
12:44:48 svg2mod 1301: Font "FredokaOne" does not natively support style "Regular" using "Path" instead
12:44:48 svg2mod-unfiltered 262: Found SVG layer: F.SilkS
12:44:48 svg2mod 263:   Detailed names: [F.SilkS]
12:44:48 svg2mod 304:   Inlining 1 segments...
12:44:48 svg2mod 339:   Writing Text with 111 points
12:44:48 svg2mod 1301: Font "FredokaOne" does not natively support style "Regular" using "Path" instead
12:44:48 svg2mod-unfiltered 262: Found SVG layer: F.SilkS
12:44:48 svg2mod 263:   Detailed names: [F.SilkS]
12:44:48 svg2mod 304:   Inlining 2 segments...
12:44:48 svg2mod 339:   Writing Text with 137 points
12:44:49 svg2mod 1301: Font "FredokaOne" does not natively support style "Regular" using "Path" instead
12:44:49 svg2mod-unfiltered 262: Found SVG layer: F.SilkS
12:44:49 svg2mod 263:   Detailed names: [F.SilkS]
12:44:49 svg2mod 304:   Inlining 3 segments...
12:44:49 svg2mod 339:   Writing Text with 192 points
12:44:50 svg2mod 1301: Font "FredokaOne" does not natively support style "Regular" using "Path" instead
12:44:50 svg2mod-unfiltered 262: Found SVG layer: F.SilkS
12:44:50 svg2mod 263:   Detailed names: [F.SilkS]
12:44:50 svg2mod 304:   Inlining 5 segments...
12:44:50 svg2mod 339:   Writing Text with 280 points
12:44:50 svg2mod 339:   Writing Text with 9 points
12:44:50 svg2mod 1301: Font "FredokaOne" does not natively support style "Regular" using "Path" instead
12:44:50 svg2mod-unfiltered 262: Found SVG layer: F.SilkS
12:44:50 svg2mod 263:   Detailed names: [F.SilkS]
12:44:50 svg2mod 304:   Inlining 8 segments...
12:44:50 svg2mod 339:   Writing Text with 379 points
12:44:50 svg2mod 339:   Writing Text with 13 points
12:44:50 svg2mod 339:   Writing Text with 9 points
12:44:51 svg2mod 1301: Font "FredokaOne" does not natively support style "Regular" using "Path" instead
12:44:51 svg2mod-unfiltered 262: Found SVG layer: F.SilkS
12:44:51 svg2mod 263:   Detailed names: [F.SilkS]
12:44:51 svg2mod 304:   Inlining 9 segments...
12:44:51 svg2mod 339:   Writing Text with 396 points
12:44:51 svg2mod 339:   Writing Text with 13 points
12:44:51 svg2mod 339:   Writing Text with 9 points
12:44:51 svg2mod 1301: Font "FredokaOne" does not natively support style "Regular" using "Path" instead
12:44:51 svg2mod-unfiltered 262: Found SVG layer: F.SilkS
12:44:51 svg2mod 263:   Detailed names: [F.SilkS]
12:44:51 svg2mod 304:   Inlining 11 segments...
12:44:51 svg2mod 339:   Writing Text with 485 points
12:44:51 svg2mod 339:   Writing Text with 13 points
12:44:51 svg2mod 339:   Writing Text with 9 points
12:44:51 svg2mod 1301: Font "FredokaOne" does not natively support style "Regular" using "Path" instead
12:44:51 svg2mod-unfiltered 262: Found SVG layer: F.SilkS
12:44:51 svg2mod 263:   Detailed names: [F.SilkS]
12:44:51 svg2mod 304:   Inlining 14 segments...
12:44:51 svg2mod 339:   Writing Text with 613 points
12:44:51 svg2mod 339:   Writing Text with 13 points
12:44:51 svg2mod 339:   Writing Text with 9 points
12:44:51 svg2mod 339:   Writing Text with 9 points
12:44:51 svg2mod 339:   Writing Text with 9 points
12:44:52 svg2mod 1301: Font "FredokaOne" does not natively support style "Regular" using "Path" instead
12:44:52 svg2mod-unfiltered 262: Found SVG layer: F.SilkS
12:44:52 svg2mod 263:   Detailed names: [F.SilkS]
12:44:52 svg2mod 304:   Inlining 15 segments...
12:44:52 svg2mod 339:   Writing Text with 646 points
12:44:52 svg2mod 339:   Writing Text with 13 points
12:44:52 svg2mod 339:   Writing Text with 9 points
12:44:52 svg2mod 339:   Writing Text with 9 points
12:44:52 svg2mod 339:   Writing Text with 9 points
12:44:52 svg2mod 339:   Writing Text with 9 points
12:44:52 svg2mod 1301: Font "FredokaOne" does not natively support style "Regular" using "Path" instead
12:44:52 svg2mod-unfiltered 262: Found SVG layer: F.SilkS
12:44:52 svg2mod 263:   Detailed names: [F.SilkS]
12:44:52 svg2mod 304:   Inlining 16 segments...
12:44:52 svg2mod 339:   Writing Text with 663 points
12:44:52 svg2mod 339:   Writing Text with 13 points
12:44:52 svg2mod 339:   Writing Text with 9 points
12:44:52 svg2mod 339:   Writing Text with 9 points
12:44:52 svg2mod 339:   Writing Text with 9 points
12:44:52 svg2mod 339:   Writing Text with 9 points
12:44:52 svg2mod 1301: Font "FredokaOne" does not natively support style "Regular" using "Path" instead
12:44:52 svg2mod-unfiltered 262: Found SVG layer: F.SilkS
12:44:52 svg2mod 263:   Detailed names: [F.SilkS]
12:44:52 svg2mod 304:   Inlining 19 segments...
12:44:52 svg2mod 339:   Writing Text with 805 points
12:44:52 svg2mod 339:   Writing Text with 17 points
12:44:52 svg2mod 339:   Writing Text with 13 points
12:44:52 svg2mod 339:   Writing Text with 9 points
12:44:52 svg2mod 339:   Writing Text with 9 points
12:44:52 svg2mod 339:   Writing Text with 9 points
12:44:52 svg2mod 339:   Writing Text with 9 points
12:44:53 svg2mod 1301: Font "FredokaOne" does not natively support style "Regular" using "Path" instead
12:44:53 svg2mod-unfiltered 262: Found SVG layer: F.SilkS
12:44:53 svg2mod 263:   Detailed names: [F.SilkS]
12:44:53 svg2mod 304:   Inlining 20 segments...
12:44:53 svg2mod 339:   Writing Text with 862 points
12:44:53 svg2mod 339:   Writing Text with 17 points
12:44:53 svg2mod 339:   Writing Text with 13 points
12:44:53 svg2mod 339:   Writing Text with 9 points
12:44:53 svg2mod 339:   Writing Text with 9 points
12:44:53 svg2mod 339:   Writing Text with 9 points
12:44:53 svg2mod 339:   Writing Text with 9 points
12:44:54 com_github_gregdavill_KiBuzzard.plugin 57: Running KiBuzzard
12:44:54 svg2mod-unfiltered 262: Found SVG layer: F.SilkS
12:44:54 svg2mod 263:   Detailed names: [F.SilkS]
12:44:54 svg2mod 304:   Inlining 20 segments...
12:44:54 svg2mod 339:   Writing Text with 862 points
12:44:54 svg2mod 339:   Writing Text with 17 points
12:44:54 svg2mod 339:   Writing Text with 13 points
12:44:54 svg2mod 339:   Writing Text with 9 points
12:44:54 svg2mod 339:   Writing Text with 9 points
12:44:54 svg2mod 339:   Writing Text with 9 points
12:44:54 svg2mod 339:   Writing Text with 9 points
12:44:54 com_github_gregdavill_KiBuzzard.plugin 71: Loading label onto clipboard
12:44:54 com_github_gregdavill_KiBuzzard.plugin 128: Using wx.KeyEvent for paste
12:44:54 com_github_gregdavill_KiBuzzard.plugin 132:  Injecting event: <wx._core.KeyEvent object at 0x00000180559575E0> into window: <wx._core.Window object at 0x0000018001DB9310>
12:45:05 svg2mod 1301: Font "FredokaOne" does not natively support style "Regular" using "Path" instead
12:45:05 svg2mod-unfiltered 262: Found SVG layer: F.SilkS
12:45:05 svg2mod 263:   Detailed names: [F.SilkS]
12:45:05 svg2mod 304:   Inlining 20 segments...
12:45:05 svg2mod 339:   Writing Text with 862 points
12:45:05 svg2mod 339:   Writing Text with 17 points
12:45:05 svg2mod 339:   Writing Text with 13 points
12:45:05 svg2mod 339:   Writing Text with 9 points
12:45:05 svg2mod 339:   Writing Text with 9 points
12:45:05 svg2mod 339:   Writing Text with 9 points
12:45:05 svg2mod 339:   Writing Text with 9 points
12:45:07 svg2mod 1301: Font "FredokaOne" does not natively support style "Regular" using "Path" instead
12:45:07 svg2mod-unfiltered 262: Found SVG layer: F.SilkS
12:45:07 svg2mod 263:   Detailed names: [F.SilkS]
12:45:07 svg2mod 304:   Inlining 20 segments...
12:45:07 svg2mod 339:   Writing Text with 862 points
12:45:07 svg2mod 339:   Writing Text with 17 points
12:45:07 svg2mod 339:   Writing Text with 13 points
12:45:07 svg2mod 339:   Writing Text with 9 points
12:45:07 svg2mod 339:   Writing Text with 9 points
12:45:07 svg2mod 339:   Writing Text with 9 points
12:45:07 svg2mod 339:   Writing Text with 9 points
12:45:07 com_github_gregdavill_KiBuzzard.plugin 57: Running KiBuzzard
12:45:07 svg2mod-unfiltered 262: Found SVG layer: F.SilkS
12:45:07 svg2mod 263:   Detailed names: [F.SilkS]
12:45:07 svg2mod 304:   Inlining 20 segments...
12:45:07 svg2mod 339:   Writing Text with 862 points
12:45:07 svg2mod 339:   Writing Text with 17 points
12:45:07 svg2mod 339:   Writing Text with 13 points
12:45:07 svg2mod 339:   Writing Text with 9 points
12:45:07 svg2mod 339:   Writing Text with 9 points
12:45:07 svg2mod 339:   Writing Text with 9 points
12:45:07 svg2mod 339:   Writing Text with 9 points
12:45:07 com_github_gregdavill_KiBuzzard.plugin 81: Updating selected footprint <pcbnew.FOOTPRINT; proxy of <Swig Object of type 'FOOTPRINT *' at 0x0000018001E5C660> >
12:45:07 com_github_gregdavill_KiBuzzard.plugin 89:  pos: (142875000, 34925000)
12:45:07 com_github_gregdavill_KiBuzzard.plugin 90:  orient: 180.0
12:45:07 com_github_gregdavill_KiBuzzard.plugin 91:  need_flip: True
20:02:37 svg2mod 1301: Font "FredokaOne" does not natively support style "Regular" using "Path" instead
20:02:37 svg2mod-unfiltered 262: Found SVG layer: F.SilkS
20:02:37 svg2mod 263:   Detailed names: [F.SilkS]
20:02:37 svg2mod 304:   Inlining 1 segments...
20:02:37 svg2mod 339:   Writing Text with 106 points
20:02:37 svg2mod 339:   Writing Text with 8 points
20:02:38 svg2mod 1301: Font "FredokaOne" does not natively support style "Regular" using "Path" instead
20:02:38 svg2mod-unfiltered 262: Found SVG layer: F.SilkS
20:02:38 svg2mod 263:   Detailed names: [F.SilkS]
20:02:38 svg2mod 304:   Inlining 3 segments...
20:02:38 svg2mod 339:   Writing Text with 184 points
20:02:38 svg2mod 339:   Writing Text with 21 points
20:02:38 svg2mod 339:   Writing Text with 8 points
20:02:38 svg2mod 1301: Font "FredokaOne" does not natively support style "Regular" using "Path" instead
20:02:38 svg2mod-unfiltered 262: Found SVG layer: F.SilkS
20:02:38 svg2mod 263:   Detailed names: [F.SilkS]
20:02:38 svg2mod 304:   Inlining 5 segments...
20:02:38 svg2mod 339:   Writing Text with 264 points
20:02:38 svg2mod 339:   Writing Text with 21 points
20:02:38 svg2mod 339:   Writing Text with 8 points
20:02:38 svg2mod 339:   Writing Text with 8 points
20:02:40 svg2mod 1301: Font "FredokaOne" does not natively support style "Regular" using "Path" instead
20:02:40 svg2mod-unfiltered 262: Found SVG layer: F.SilkS
20:02:40 svg2mod 263:   Detailed names: [F.SilkS]
20:02:40 svg2mod 304:   Inlining 5 segments...
20:02:40 svg2mod 339:   Writing Text with 264 points
20:02:40 svg2mod 339:   Writing Text with 21 points
20:02:40 svg2mod 339:   Writing Text with 8 points
20:02:40 svg2mod 339:   Writing Text with 8 points
20:02:40 svg2mod 1301: Font "FredokaOne" does not natively support style "Regular" using "Path" instead
20:02:40 svg2mod-unfiltered 262: Found SVG layer: F.SilkS
20:02:40 svg2mod 263:   Detailed names: [F.SilkS]
20:02:40 svg2mod 304:   Inlining 6 segments...
20:02:40 svg2mod 339:   Writing Text with 287 points
20:02:40 svg2mod 339:   Writing Text with 21 points
20:02:40 svg2mod 339:   Writing Text with 8 points
20:02:40 svg2mod 339:   Writing Text with 8 points
20:02:41 svg2mod 1301: Font "FredokaOne" does not natively support style "Regular" using "Path" instead
20:02:41 svg2mod-unfiltered 262: Found SVG layer: F.SilkS
20:02:41 svg2mod 263:   Detailed names: [F.SilkS]
20:02:41 svg2mod 304:   Inlining 5 segments...
20:02:41 svg2mod 339:   Writing Text with 264 points
20:02:41 svg2mod 339:   Writing Text with 21 points
20:02:41 svg2mod 339:   Writing Text with 8 points
20:02:41 svg2mod 339:   Writing Text with 8 points
20:02:41 svg2mod 1301: Font "FredokaOne" does not natively support style "Regular" using "Path" instead
20:02:41 svg2mod-unfiltered 262: Found SVG layer: F.SilkS
20:02:41 svg2mod 263:   Detailed names: [F.SilkS]
20:02:41 svg2mod 304:   Inlining 5 segments...
20:02:41 svg2mod 339:   Writing Text with 264 points
20:02:41 svg2mod 339:   Writing Text with 21 points
20:02:41 svg2mod 339:   Writing Text with 8 points
20:02:41 svg2mod 339:   Writing Text with 8 points
20:02:42 svg2mod 1301: Font "FredokaOne" does not natively support style "Regular" using "Path" instead
20:02:42 svg2mod-unfiltered 262: Found SVG layer: F.SilkS
20:02:42 svg2mod 263:   Detailed names: [F.SilkS]
20:02:42 svg2mod 304:   Inlining 5 segments...
20:02:42 svg2mod 339:   Writing Text with 264 points
20:02:42 svg2mod 339:   Writing Text with 21 points
20:02:42 svg2mod 339:   Writing Text with 8 points
20:02:42 svg2mod 339:   Writing Text with 8 points
20:02:42 svg2mod 1301: Font "FredokaOne" does not natively support style "Regular" using "Path" instead
20:02:42 svg2mod-unfiltered 262: Found SVG layer: F.SilkS
20:02:42 svg2mod 263:   Detailed names: [F.SilkS]
20:02:42 svg2mod 304:   Inlining 7 segments...
20:02:42 svg2mod 339:   Writing Text with 325 points
20:02:42 svg2mod 339:   Writing Text with 21 points
20:02:42 svg2mod 339:   Writing Text with 8 points
20:02:42 svg2mod 339:   Writing Text with 8 points
20:02:43 svg2mod 1301: Font "FredokaOne" does not natively support style "Regular" using "Path" instead
20:02:43 svg2mod-unfiltered 262: Found SVG layer: F.SilkS
20:02:43 svg2mod 263:   Detailed names: [F.SilkS]
20:02:43 svg2mod 304:   Inlining 8 segments...
20:02:43 svg2mod 339:   Writing Text with 354 points
20:02:43 svg2mod 339:   Writing Text with 21 points
20:02:43 svg2mod 339:   Writing Text with 12 points
20:02:43 svg2mod 339:   Writing Text with 8 points
20:02:43 svg2mod 339:   Writing Text with 8 points
20:02:45 svg2mod 1301: Font "FredokaOne" does not natively support style "Regular" using "Path" instead
20:02:45 svg2mod-unfiltered 262: Found SVG layer: F.SilkS
20:02:45 svg2mod 263:   Detailed names: [F.SilkS]
20:02:45 svg2mod 304:   Inlining 8 segments...
20:02:45 svg2mod 339:   Writing Text with 354 points
20:02:45 svg2mod 339:   Writing Text with 21 points
20:02:45 svg2mod 339:   Writing Text with 12 points
20:02:45 svg2mod 339:   Writing Text with 8 points
20:02:45 svg2mod 339:   Writing Text with 8 points
20:02:46 com_github_gregdavill_KiBuzzard.plugin 57: Running KiBuzzard
20:02:46 svg2mod-unfiltered 262: Found SVG layer: F.SilkS
20:02:46 svg2mod 263:   Detailed names: [F.SilkS]
20:02:46 svg2mod 304:   Inlining 8 segments...
20:02:46 svg2mod 339:   Writing Text with 354 points
20:02:46 svg2mod 339:   Writing Text with 21 points
20:02:46 svg2mod 339:   Writing Text with 12 points
20:02:46 svg2mod 339:   Writing Text with 8 points
20:02:46 svg2mod 339:   Writing Text with 8 points
20:02:46 com_github_gregdavill_KiBuzzard.plugin 71: Loading label onto clipboard
20:02:46 com_github_gregdavill_KiBuzzard.plugin 128: Using wx.KeyEvent for paste
20:02:46 com_github_gregdavill_KiBuzzard.plugin 132:  Injecting event: <wx._core.KeyEvent object at 0x000001805C6575E0> into window: <wx._core.Window object at 0x0000018052592430>
20:03:36 svg2mod 1301: Font "FredokaOne" does not natively support style "Regular" using "Path" instead
20:03:36 svg2mod-unfiltered 262: Found SVG layer: F.SilkS
20:03:36 svg2mod 263:   Detailed names: [F.SilkS]
20:03:36 svg2mod 304:   Inlining 2 segments...
20:03:36 svg2mod 339:   Writing Text with 152 points
20:03:36 svg2mod 339:   Writing Text with 8 points
20:03:36 svg2mod 1301: Font "FredokaOne" does not natively support style "Regular" using "Path" instead
20:03:36 svg2mod-unfiltered 262: Found SVG layer: F.SilkS
20:03:36 svg2mod 263:   Detailed names: [F.SilkS]
20:03:36 svg2mod 304:   Inlining 3 segments...
20:03:36 svg2mod 339:   Writing Text with 221 points
20:03:36 svg2mod 339:   Writing Text with 8 points
20:03:36 svg2mod 1301: Font "FredokaOne" does not natively support style "Regular" using "Path" instead
20:03:36 svg2mod-unfiltered 262: Found SVG layer: F.SilkS
20:03:36 svg2mod 263:   Detailed names: [F.SilkS]
20:03:36 svg2mod 304:   Inlining 5 segments...
20:03:36 svg2mod 339:   Writing Text with 286 points
20:03:36 svg2mod 339:   Writing Text with 8 points
20:03:38 com_github_gregdavill_KiBuzzard.plugin 57: Running KiBuzzard
20:03:38 svg2mod-unfiltered 262: Found SVG layer: F.SilkS
20:03:38 svg2mod 263:   Detailed names: [F.SilkS]
20:03:38 svg2mod 304:   Inlining 5 segments...
20:03:38 svg2mod 339:   Writing Text with 286 points
20:03:38 svg2mod 339:   Writing Text with 8 points
20:03:38 com_github_gregdavill_KiBuzzard.plugin 71: Loading label onto clipboard
20:03:38 com_github_gregdavill_KiBuzzard.plugin 128: Using wx.KeyEvent for paste
20:03:38 com_github_gregdavill_KiBuzzard.plugin 132:  Injecting event: <wx._core.KeyEvent object at 0x000001805287BB80> into window: <wx._core.Window object at 0x0000018005CD8C10>
20:04:05 svg2mod 1301: Font "FredokaOne" does not natively support style "Regular" using "Path" instead
20:04:05 svg2mod-unfiltered 262: Found SVG layer: F.SilkS
20:04:05 svg2mod 263:   Detailed names: [F.SilkS]
20:04:05 svg2mod 304:   Inlining 1 segments...
20:04:05 svg2mod 339:   Writing Text with 140 points
20:04:08 svg2mod 1301: Font "FredokaOne" does not natively support style "Regular" using "Path" instead
20:04:08 svg2mod-unfiltered 262: Found SVG layer: F.SilkS
20:04:08 svg2mod 263:   Detailed names: [F.SilkS]
20:04:08 svg2mod 304:   Inlining 2 segments...
20:04:08 svg2mod 339:   Writing Text with 147 points
20:04:08 svg2mod 339:   Writing Text with 8 points
20:04:08 svg2mod 339:   Writing Text with 8 points
20:04:08 svg2mod 1301: Font "FredokaOne" does not natively support style "Regular" using "Path" instead
20:04:08 svg2mod-unfiltered 262: Found SVG layer: F.SilkS
20:04:08 svg2mod 263:   Detailed names: [F.SilkS]
20:04:08 svg2mod 304:   Inlining 4 segments...
20:04:08 svg2mod 339:   Writing Text with 238 points
20:04:08 svg2mod 339:   Writing Text with 21 points
20:04:08 svg2mod 339:   Writing Text with 8 points
20:04:08 svg2mod 339:   Writing Text with 8 points
20:04:08 svg2mod 1301: Font "FredokaOne" does not natively support style "Regular" using "Path" instead
20:04:08 svg2mod 1301: Font "FredokaOne" does not natively support style "Regular" using "Path" instead
20:04:08 svg2mod 1354: Unsupported character in <text> element ""
20:04:08 svg2mod-unfiltered 262: Found SVG layer: F.SilkS
20:04:08 svg2mod 263:   Detailed names: [F.SilkS]
20:04:08 svg2mod 304:   Inlining 4 segments...
20:04:08 svg2mod 339:   Writing Text with 238 points
20:04:08 svg2mod 339:   Writing Text with 21 points
20:04:08 svg2mod 339:   Writing Text with 8 points
20:04:08 svg2mod 339:   Writing Text with 8 points
20:04:10 svg2mod 1301: Font "FredokaOne" does not natively support style "Regular" using "Path" instead
20:04:10 svg2mod-unfiltered 262: Found SVG layer: F.SilkS
20:04:10 svg2mod 263:   Detailed names: [F.SilkS]
20:04:10 svg2mod 304:   Inlining 4 segments...
20:04:10 svg2mod 339:   Writing Text with 238 points
20:04:10 svg2mod 339:   Writing Text with 21 points
20:04:10 svg2mod 339:   Writing Text with 8 points
20:04:10 svg2mod 339:   Writing Text with 8 points
20:04:11 com_github_gregdavill_KiBuzzard.plugin 57: Running KiBuzzard
20:04:11 svg2mod-unfiltered 262: Found SVG layer: F.SilkS
20:04:11 svg2mod 263:   Detailed names: [F.SilkS]
20:04:11 svg2mod 304:   Inlining 4 segments...
20:04:11 svg2mod 339:   Writing Text with 238 points
20:04:11 svg2mod 339:   Writing Text with 21 points
20:04:11 svg2mod 339:   Writing Text with 8 points
20:04:11 svg2mod 339:   Writing Text with 8 points
20:04:11 com_github_gregdavill_KiBuzzard.plugin 71: Loading label onto clipboard
20:04:11 com_github_gregdavill_KiBuzzard.plugin 128: Using wx.KeyEvent for paste
20:04:11 com_github_gregdavill_KiBuzzard.plugin 132:  Injecting event: <wx._core.KeyEvent object at 0x000001805287BD30> into window: <wx._core.Window object at 0x0000018005CF0CA0>
20:05:06 svg2mod 1301: Font "FredokaOne" does not natively support style "Regular" using "Path" instead
20:05:06 svg2mod-unfiltered 262: Found SVG layer: F.SilkS
20:05:06 svg2mod 263:   Detailed names: [F.SilkS]
20:05:06 svg2mod 304:   Inlining 2 segments...
20:05:06 svg2mod 339:   Writing Text with 152 points
20:05:06 svg2mod 339:   Writing Text with 8 points
20:05:06 svg2mod 1301: Font "FredokaOne" does not natively support style "Regular" using "Path" instead
20:05:06 svg2mod-unfiltered 262: Found SVG layer: F.SilkS
20:05:06 svg2mod 263:   Detailed names: [F.SilkS]
20:05:06 svg2mod 304:   Inlining 3 segments...
20:05:06 svg2mod 339:   Writing Text with 221 points
20:05:06 svg2mod 339:   Writing Text with 8 points
20:05:06 svg2mod 1301: Font "FredokaOne" does not natively support style "Regular" using "Path" instead
20:05:06 svg2mod-unfiltered 262: Found SVG layer: F.SilkS
20:05:06 svg2mod 263:   Detailed names: [F.SilkS]
20:05:06 svg2mod 304:   Inlining 5 segments...
20:05:06 svg2mod 339:   Writing Text with 286 points
20:05:06 svg2mod 339:   Writing Text with 8 points
20:05:07 svg2mod 1301: Font "FredokaOne" does not natively support style "Regular" using "Path" instead
20:05:07 svg2mod 1301: Font "FredokaOne" does not natively support style "Regular" using "Path" instead
20:05:07 svg2mod 1354: Unsupported character in <text> element ""
20:05:07 svg2mod-unfiltered 262: Found SVG layer: F.SilkS
20:05:07 svg2mod 263:   Detailed names: [F.SilkS]
20:05:07 svg2mod 304:   Inlining 5 segments...
20:05:07 svg2mod 339:   Writing Text with 286 points
20:05:07 svg2mod 339:   Writing Text with 8 points
20:05:08 svg2mod 1301: Font "FredokaOne" does not natively support style "Regular" using "Path" instead
20:05:08 svg2mod-unfiltered 262: Found SVG layer: F.SilkS
20:05:08 svg2mod 263:   Detailed names: [F.SilkS]
20:05:08 svg2mod 304:   Inlining 5 segments...
20:05:08 svg2mod 339:   Writing Text with 286 points
20:05:08 svg2mod 339:   Writing Text with 8 points
20:05:09 com_github_gregdavill_KiBuzzard.plugin 57: Running KiBuzzard
20:05:09 svg2mod-unfiltered 262: Found SVG layer: F.SilkS
20:05:09 svg2mod 263:   Detailed names: [F.SilkS]
20:05:09 svg2mod 304:   Inlining 5 segments...
20:05:09 svg2mod 339:   Writing Text with 286 points
20:05:09 svg2mod 339:   Writing Text with 8 points
20:05:09 com_github_gregdavill_KiBuzzard.plugin 71: Loading label onto clipboard
20:05:09 com_github_gregdavill_KiBuzzard.plugin 128: Using wx.KeyEvent for paste
20:05:09 com_github_gregdavill_KiBuzzard.plugin 132:  Injecting event: <wx._core.KeyEvent object at 0x0000018051DED0D0> into window: <wx._core.Window object at 0x0000018053410AF0>
20:22:02 svg2mod 1301: Font "FredokaOne" does not natively support style "Regular" using "Path" instead
20:22:02 svg2mod-unfiltered 262: Found SVG layer: F.SilkS
20:22:02 svg2mod 263:   Detailed names: [F.SilkS]
20:22:02 svg2mod 304:   Inlining 1 segments...
20:22:02 svg2mod 339:   Writing Text with 101 points
20:22:02 svg2mod 339:   Writing Text with 12 points
20:22:02 svg2mod 1301: Font "FredokaOne" does not natively support style "Regular" using "Path" instead
20:22:02 svg2mod-unfiltered 262: Found SVG layer: F.SilkS
20:22:02 svg2mod 263:   Detailed names: [F.SilkS]
20:22:02 svg2mod 304:   Inlining 3 segments...
20:22:02 svg2mod 339:   Writing Text with 194 points
20:22:02 svg2mod 339:   Writing Text with 21 points
20:22:02 svg2mod 339:   Writing Text with 12 points
20:22:02 svg2mod 1301: Font "FredokaOne" does not natively support style "Regular" using "Path" instead
20:22:02 svg2mod-unfiltered 262: Found SVG layer: F.SilkS
20:22:02 svg2mod 263:   Detailed names: [F.SilkS]
20:22:02 svg2mod 304:   Inlining 5 segments...
20:22:02 svg2mod 339:   Writing Text with 295 points
20:22:02 svg2mod 339:   Writing Text with 21 points
20:22:02 svg2mod 339:   Writing Text with 12 points
20:22:02 svg2mod 1301: Font "FredokaOne" does not natively support style "Regular" using "Path" instead
20:22:02 svg2mod-unfiltered 262: Found SVG layer: F.SilkS
20:22:02 svg2mod 263:   Detailed names: [F.SilkS]
20:22:02 svg2mod 304:   Inlining 8 segments...
20:22:02 svg2mod 339:   Writing Text with 409 points
20:22:02 svg2mod 339:   Writing Text with 21 points
20:22:02 svg2mod 339:   Writing Text with 12 points
20:22:03 svg2mod 1301: Font "FredokaOne" does not natively support style "Regular" using "Path" instead
20:22:03 svg2mod-unfiltered 262: Found SVG layer: F.SilkS
20:22:03 svg2mod 263:   Detailed names: [F.SilkS]
20:22:03 svg2mod 304:   Inlining 10 segments...
20:22:03 svg2mod 339:   Writing Text with 488 points
20:22:03 svg2mod 339:   Writing Text with 21 points
20:22:03 svg2mod 339:   Writing Text with 12 points
20:22:03 svg2mod 339:   Writing Text with 9 points
20:22:04 svg2mod 1301: Font "FredokaOne" does not natively support style "Regular" using "Path" instead
20:22:04 svg2mod-unfiltered 262: Found SVG layer: F.SilkS
20:22:04 svg2mod 263:   Detailed names: [F.SilkS]
20:22:04 svg2mod 304:   Inlining 1 segments...
20:22:04 svg2mod 339:   Writing Text with 101 points
20:22:04 svg2mod 339:   Writing Text with 12 points
20:22:04 svg2mod 1301: Font "FredokaOne" does not natively support style "Regular" using "Path" instead
20:22:04 svg2mod-unfiltered 262: Found SVG layer: F.SilkS
20:22:04 svg2mod 263:   Detailed names: [F.SilkS]
20:22:04 svg2mod 304:   Inlining 4 segments...
20:22:04 svg2mod 339:   Writing Text with 209 points
20:22:04 svg2mod 339:   Writing Text with 12 points
20:22:04 svg2mod 339:   Writing Text with 13 points
20:22:04 svg2mod 1301: Font "FredokaOne" does not natively support style "Regular" using "Path" instead
20:22:04 svg2mod-unfiltered 262: Found SVG layer: F.SilkS
20:22:04 svg2mod 263:   Detailed names: [F.SilkS]
20:22:04 svg2mod 304:   Inlining 6 segments...
20:22:04 svg2mod 339:   Writing Text with 309 points
20:22:04 svg2mod 339:   Writing Text with 12 points
20:22:04 svg2mod 339:   Writing Text with 13 points
20:22:04 svg2mod 339:   Writing Text with 7 points
20:22:05 svg2mod 1301: Font "FredokaOne" does not natively support style "Regular" using "Path" instead
20:22:05 svg2mod-unfiltered 262: Found SVG layer: F.SilkS
20:22:05 svg2mod 263:   Detailed names: [F.SilkS]
20:22:05 svg2mod 304:   Inlining 10 segments...
20:22:05 svg2mod 339:   Writing Text with 476 points
20:22:05 svg2mod 339:   Writing Text with 12 points
20:22:05 svg2mod 339:   Writing Text with 13 points
20:22:05 svg2mod 339:   Writing Text with 9 points
20:22:05 svg2mod 339:   Writing Text with 7 points
20:22:05 svg2mod 1301: Font "FredokaOne" does not natively support style "Regular" using "Path" instead
20:22:05 svg2mod-unfiltered 262: Found SVG layer: F.SilkS
20:22:05 svg2mod 263:   Detailed names: [F.SilkS]
20:22:05 svg2mod 304:   Inlining 14 segments...
20:22:05 svg2mod 339:   Writing Text with 585 points
20:22:05 svg2mod 339:   Writing Text with 12 points
20:22:05 svg2mod 339:   Writing Text with 13 points
20:22:05 svg2mod 339:   Writing Text with 13 points
20:22:05 svg2mod 339:   Writing Text with 9 points
20:22:05 svg2mod 339:   Writing Text with 7 points
20:22:06 com_github_gregdavill_KiBuzzard.plugin 57: Running KiBuzzard
20:22:06 svg2mod-unfiltered 262: Found SVG layer: F.SilkS
20:22:06 svg2mod 263:   Detailed names: [F.SilkS]
20:22:06 svg2mod 304:   Inlining 14 segments...
20:22:06 svg2mod 339:   Writing Text with 585 points
20:22:06 svg2mod 339:   Writing Text with 12 points
20:22:06 svg2mod 339:   Writing Text with 13 points
20:22:06 svg2mod 339:   Writing Text with 13 points
20:22:06 svg2mod 339:   Writing Text with 9 points
20:22:06 svg2mod 339:   Writing Text with 7 points
20:22:06 com_github_gregdavill_KiBuzzard.plugin 71: Loading label onto clipboard
20:22:07 com_github_gregdavill_KiBuzzard.plugin 128: Using wx.KeyEvent for paste
20:22:07 com_github_gregdavill_KiBuzzard.plugin 132:  Injecting event: <wx._core.KeyEvent object at 0x0000018051DED0D0> into window: <wx._core.Window object at 0x0000018005364430>
